<?xml version="1.0" encoding="UTF-8"?>
<testsuite xmlns:xsi="http://www.w3.org/2001/XMLSchema-instance" xsi:noNamespaceSchemaLocation="https://maven.apache.org/surefire/maven-surefire-plugin/xsd/surefire-test-report-3.0.xsd" version="3.0" name="TestSuite" time="1.183" tests="4" errors="0" skipped="0" failures="0">
  <properties>
[...]
</properties>
  <testcase name="testListsEquality[Validate_Count](1)" classname="testCases.QueryComparisonTestNG" time="0.154">
    <system-err><![CDATA[SLF4J: Failed to load class "org.slf4j.impl.StaticLoggerBinder".
SLF4J: Defaulting to no-operation (NOP) logger implementation
SLF4J: See http://www.slf4j.org/codes.html#StaticLoggerBinder for further details.
]]></system-err>
  </testcase>
  <testcase name="testListsEquality[Validate_Data](2)" classname="testCases.QueryComparisonTestNG" time="0.0"/>
  <testcase name="testListsEquality[Validate_Duplicate](3)" classname="testCases.QueryComparisonTestNG" time="0.075"/>
  <testcase name="testListsEquality[Validate_Metadata](4)" classname="testCases.QueryComparisonTestNG" time="0.004"/>
</testsuite>