<?xml version="1.0" encoding="UTF-8"?>
<!-- Generated by org.testng.reporters.JUnitXMLReporter -->
<testsuite ignored="0" hostname="BMOHANTY02" failures="0" tests="9" name="Test" time="13.97" errors="0" timestamp="2023-12-25T15:59:56 IST">
  <testcase classname="testCases.DataCompletenessValidation" name="dataCompleteness" time="5.478"/>
  <testcase classname="testCases.DataCompletenessValidation" name="dataCompleteness" time="0.099"/>
  <testcase classname="testCases.DataCompletenessValidation" name="dataCompleteness" time="5.027"/>
  <testcase classname="testCases.DataCompletenessValidation" name="dataCompleteness" time="0.079"/>
  <testcase classname="testCases.DataCompletenessValidation" name="dataCompleteness" time="0.039"/>
  <testcase classname="testCases.DataCompletenessValidation" name="dataCompleteness" time="0.008"/>
  <testcase classname="testCases.DataCompletenessValidation" name="dataCompleteness" time="0.005"/>
  <testcase classname="testCases.TableMetadataValidation" name="tableMetadataValidation" time="0.024"/>
  <testcase classname="testCases.TableMetadataValidation" name="tableMetadataValidation" time="0.003"/>
</testsuite> <!-- Test -->
