<?xml version="1.0" encoding="UTF-8"?>
<!-- Generated by org.testng.reporters.JUnitXMLReporter -->
<testsuite ignored="0" hostname="BMOHANTY02" failures="0" tests="9" name="Test" time="12.063" errors="0" timestamp="2023-12-11T11:13:33 IST">
  <testcase classname="testCases.DataCompletenessValidation" name="dataCompleteness" time="5.115"/>
  <testcase classname="testCases.DataCompletenessValidation" name="dataCompleteness" time="0.133"/>
  <testcase classname="testCases.DataCompletenessValidation" name="dataCompleteness" time="3.862"/>
  <testcase classname="testCases.DataCompletenessValidation" name="dataCompleteness" time="0.079"/>
  <testcase classname="testCases.DataCompletenessValidation" name="dataCompleteness" time="0.03"/>
  <testcase classname="testCases.DataCompletenessValidation" name="dataCompleteness" time="0.014"/>
  <testcase classname="testCases.DataCompletenessValidation" name="dataCompleteness" time="0.004"/>
  <testcase classname="testCases.TableMetadataValidation" name="tableMetadataValidation" time="0.014"/>
  <testcase classname="testCases.TableMetadataValidation" name="tableMetadataValidation" time="0.005"/>
</testsuite> <!-- Test -->
