<?xml version="1.0" encoding="UTF-8"?>
<testsuite xmlns:xsi="http://www.w3.org/2001/XMLSchema-instance" xsi:noNamespaceSchemaLocation="https://maven.apache.org/surefire/maven-surefire-plugin/xsd/surefire-test-report-3.0.xsd" version="3.0" name="TestSuite" time="9.597" tests="22" errors="0" skipped="0" failures="3">
  <properties>
[...]
</properties>
  <testcase name="dataCompleteness[ITEMS_10L_Record_Validation](1)" classname="testCases.DataCompletenessValidation" time="0.146">
    <failure message="Test failed: java.lang.AssertionError: Test failed: ORA-00933: SQL command not properly ended&#10;" type="java.lang.AssertionError"><![CDATA[java.lang.AssertionError: 
Test failed: java.lang.AssertionError: Test failed: ORA-00933: SQL command not properly ended

	at testCases.DataCompletenessValidation.dataCompleteness(DataCompletenessValidation.java:146)
	at java.base/jdk.internal.reflect.NativeMethodAccessorImpl.invoke0(Native Method)
	at java.base/jdk.internal.reflect.NativeMethodAccessorImpl.invoke(NativeMethodAccessorImpl.java:62)
	at java.base/jdk.internal.reflect.DelegatingMethodAccessorImpl.invoke(DelegatingMethodAccessorImpl.java:43)
	at java.base/java.lang.reflect.Method.invoke(Method.java:566)
	at org.testng.internal.invokers.MethodInvocationHelper.invokeMethod(MethodInvocationHelper.java:139)
	at org.testng.internal.invokers.TestInvoker.invokeMethod(TestInvoker.java:664)
	at org.testng.internal.invokers.TestInvoker.invokeTestMethod(TestInvoker.java:227)
	at org.testng.internal.invokers.MethodRunner.runInSequence(MethodRunner.java:50)
	at org.testng.internal.invokers.TestInvoker$MethodInvocationAgent.invoke(TestInvoker.java:957)
	at org.testng.internal.invokers.TestInvoker.invokeTestMethods(TestInvoker.java:200)
	at org.testng.internal.invokers.TestMethodWorker.invokeTestMethods(TestMethodWorker.java:148)
	at org.testng.internal.invokers.TestMethodWorker.run(TestMethodWorker.java:128)
	at java.base/java.util.ArrayList.forEach(ArrayList.java:1541)
	at org.testng.TestRunner.privateRun(TestRunner.java:848)
	at org.testng.TestRunner.run(TestRunner.java:621)
	at org.testng.SuiteRunner.runTest(SuiteRunner.java:443)
	at org.testng.SuiteRunner.runSequentially(SuiteRunner.java:437)
	at org.testng.SuiteRunner.privateRun(SuiteRunner.java:397)
	at org.testng.SuiteRunner.run(SuiteRunner.java:336)
	at org.testng.SuiteRunnerWorker.runSuite(SuiteRunnerWorker.java:52)
	at org.testng.SuiteRunnerWorker.run(SuiteRunnerWorker.java:95)
	at org.testng.TestNG.runSuitesSequentially(TestNG.java:1280)
	at org.testng.TestNG.runSuitesLocally(TestNG.java:1200)
	at org.testng.TestNG.runSuites(TestNG.java:1114)
	at org.testng.TestNG.run(TestNG.java:1082)
	at org.apache.maven.surefire.testng.TestNGExecutor.run(TestNGExecutor.java:308)
	at org.apache.maven.surefire.testng.TestNGXmlTestSuite.execute(TestNGXmlTestSuite.java:71)
	at org.apache.maven.surefire.testng.TestNGProvider.invoke(TestNGProvider.java:113)
	at org.apache.maven.surefire.booter.ForkedBooter.runSuitesInProcess(ForkedBooter.java:385)
	at org.apache.maven.surefire.booter.ForkedBooter.execute(ForkedBooter.java:162)
	at org.apache.maven.surefire.booter.ForkedBooter.run(ForkedBooter.java:507)
	at org.apache.maven.surefire.booter.ForkedBooter.main(ForkedBooter.java:495)
Caused by: java.util.concurrent.ExecutionException: java.lang.AssertionError: Test failed: ORA-00933: SQL command not properly ended

	at java.base/java.util.concurrent.FutureTask.report(FutureTask.java:122)
	at java.base/java.util.concurrent.FutureTask.get(FutureTask.java:191)
	at testCases.DataCompletenessValidation.dataCompleteness(DataCompletenessValidation.java:138)
	... 32 more
Caused by: java.lang.AssertionError: Test failed: ORA-00933: SQL command not properly ended

	at databaseFunction.sqlFunction.executeQuery(sqlFunction.java:76)
	at testCases.DataCompletenessValidation.lambda$0(DataCompletenessValidation.java:79)
	at java.base/java.util.concurrent.FutureTask.run(FutureTask.java:264)
	at java.base/java.util.concurrent.ThreadPoolExecutor.runWorker(ThreadPoolExecutor.java:1128)
	at java.base/java.util.concurrent.ThreadPoolExecutor$Worker.run(ThreadPoolExecutor.java:628)
	at java.base/java.lang.Thread.run(Thread.java:834)
Caused by: java.sql.SQLSyntaxErrorException: ORA-00933: SQL command not properly ended

	at oracle.jdbc.driver.T4CTTIoer11.processError(T4CTTIoer11.java:702)
	at oracle.jdbc.driver.T4CTTIoer11.processError(T4CTTIoer11.java:608)
	at oracle.jdbc.driver.T4C8Oall.processError(T4C8Oall.java:1248)
	at oracle.jdbc.driver.T4CTTIfun.receive(T4CTTIfun.java:1041)
	at oracle.jdbc.driver.T4CTTIfun.doRPC(T4CTTIfun.java:443)
	at oracle.jdbc.driver.T4C8Oall.doOALL(T4C8Oall.java:518)
	at oracle.jdbc.driver.T4CStatement.doOall8(T4CStatement.java:156)
	at oracle.jdbc.driver.T4CStatement.executeForDescribe(T4CStatement.java:963)
	at oracle.jdbc.driver.OracleStatement.prepareDefineBufferAndExecute(OracleStatement.java:1205)
	at oracle.jdbc.driver.OracleStatement.executeMaybeDescribe(OracleStatement.java:1135)
	at oracle.jdbc.driver.OracleStatement.executeSQLSelect(OracleStatement.java:1472)
	at oracle.jdbc.driver.OracleStatement.doExecuteWithTimeout(OracleStatement.java:1343)
	at oracle.jdbc.driver.OracleStatement.executeQuery(OracleStatement.java:1727)
	at oracle.jdbc.driver.OracleStatementWrapper.executeQuery(OracleStatementWrapper.java:380)
	at databaseFunction.sqlFunction.executeQuery(sqlFunction.java:46)
	... 5 more
Caused by: Error : 933, Position : 42, SQL = select ItemId, ItemName  from items  orde by itemid
, Original SQL = select ItemId, ItemName  from items  orde by itemid
, Error Message = ORA-00933: SQL command not properly ended

	at oracle.jdbc.driver.T4CTTIoer11.processError(T4CTTIoer11.java:710)
	... 19 more
]]></failure>
    <system-out><![CDATA[ INFO [main] (Log4jConfigurator.java:16) - Log4j configuration loaded successfully.
 INFO [main] (TestBase.java:127) - Log4j configured successfully.
 INFO [main] (TestBase.java:133) - Properties file loaded successfully.
 INFO [main] (TestBase.java:139) - Thread Pool created
 INFO [main] (TestBase.java:165) - Target Database selected : mysql
 INFO [main] (TestBase.java:168) - Auto Generated Metadata option selected as : yes
 INFO [main] (MetadataExcelGenerator.java:22) - Starting metadata Excel generation...
 INFO [main] (MetadataExcelGenerator.java:29) - Existing Metadata Excel deleted: ./TableMetadata/metadata_excel.xlsx
 INFO [main] (MetadataExcelGenerator.java:112) - Metadata Excel auto-generated successfully at: ./TableMetadata/metadata_excel.xlsx
 INFO [main] (TestBase.java:172) - Metadata Excel Generation Completed....
 INFO [main] (DatabaseConn.java:29) - Database is Connected
 INFO [main] (TestBase.java:185) - Target database connection established successfully.
 INFO [main] (TestBase.java:191) - ********************************    Target Set up completed     *********************************
 INFO [main] (TestBase.java:193) - Source Database selected : oracle
 INFO [main] (DatabaseConn.java:29) - Database is Connected
 INFO [main] (TestBase.java:200) - Source database connection established successfully.
 INFO [main] (TestBase.java:217) - ********************************    Source Set up completed    *********************************
 INFO [main] (DataCompletenessValidation.java:42) - #########################################################################    Test Case 1 : Data Completeness Validation for ITEMS_10L_Record_Validation : STARTED
 INFO [pool-2-thread-1] (DataCompletenessValidation.java:75) - Reading source SQL query from file
 INFO [pool-2-thread-1] (sqlFunction.java:30) - Query read from file: ./SQLFiles/ITEMS_10L_Record_Validation/source/source.sql
ERROR [pool-2-thread-1] (sqlFunction.java:74) - Error executing query: ORA-00933: SQL command not properly ended

ERROR [main] (DataCompletenessValidation.java:140) - Test failed: java.lang.AssertionError: Test failed: ORA-00933: SQL command not properly ended

java.util.concurrent.ExecutionException: java.lang.AssertionError: Test failed: ORA-00933: SQL command not properly ended

	at java.base/java.util.concurrent.FutureTask.report(FutureTask.java:122)
	at java.base/java.util.concurrent.FutureTask.get(FutureTask.java:191)
	at testCases.DataCompletenessValidation.dataCompleteness(DataCompletenessValidation.java:138)
	at java.base/jdk.internal.reflect.NativeMethodAccessorImpl.invoke0(Native Method)
	at java.base/jdk.internal.reflect.NativeMethodAccessorImpl.invoke(NativeMethodAccessorImpl.java:62)
	at java.base/jdk.internal.reflect.DelegatingMethodAccessorImpl.invoke(DelegatingMethodAccessorImpl.java:43)
	at java.base/java.lang.reflect.Method.invoke(Method.java:566)
	at org.testng.internal.invokers.MethodInvocationHelper.invokeMethod(MethodInvocationHelper.java:139)
	at org.testng.internal.invokers.TestInvoker.invokeMethod(TestInvoker.java:664)
	at org.testng.internal.invokers.TestInvoker.invokeTestMethod(TestInvoker.java:227)
	at org.testng.internal.invokers.MethodRunner.runInSequence(MethodRunner.java:50)
	at org.testng.internal.invokers.TestInvoker$MethodInvocationAgent.invoke(TestInvoker.java:957)
	at org.testng.internal.invokers.TestInvoker.invokeTestMethods(TestInvoker.java:200)
	at org.testng.internal.invokers.TestMethodWorker.invokeTestMethods(TestMethodWorker.java:148)
	at org.testng.internal.invokers.TestMethodWorker.run(TestMethodWorker.java:128)
	at java.base/java.util.ArrayList.forEach(ArrayList.java:1541)
	at org.testng.TestRunner.privateRun(TestRunner.java:848)
	at org.testng.TestRunner.run(TestRunner.java:621)
	at org.testng.SuiteRunner.runTest(SuiteRunner.java:443)
	at org.testng.SuiteRunner.runSequentially(SuiteRunner.java:437)
	at org.testng.SuiteRunner.privateRun(SuiteRunner.java:397)
	at org.testng.SuiteRunner.run(SuiteRunner.java:336)
	at org.testng.SuiteRunnerWorker.runSuite(SuiteRunnerWorker.java:52)
	at org.testng.SuiteRunnerWorker.run(SuiteRunnerWorker.java:95)
	at org.testng.TestNG.runSuitesSequentially(TestNG.java:1280)
	at org.testng.TestNG.runSuitesLocally(TestNG.java:1200)
	at org.testng.TestNG.runSuites(TestNG.java:1114)
	at org.testng.TestNG.run(TestNG.java:1082)
	at org.apache.maven.surefire.testng.TestNGExecutor.run(TestNGExecutor.java:308)
	at org.apache.maven.surefire.testng.TestNGXmlTestSuite.execute(TestNGXmlTestSuite.java:71)
	at org.apache.maven.surefire.testng.TestNGProvider.invoke(TestNGProvider.java:113)
	at org.apache.maven.surefire.booter.ForkedBooter.runSuitesInProcess(ForkedBooter.java:385)
	at org.apache.maven.surefire.booter.ForkedBooter.execute(ForkedBooter.java:162)
	at org.apache.maven.surefire.booter.ForkedBooter.run(ForkedBooter.java:507)
	at org.apache.maven.surefire.booter.ForkedBooter.main(ForkedBooter.java:495)
Caused by: java.lang.AssertionError: Test failed: ORA-00933: SQL command not properly ended

	at databaseFunction.sqlFunction.executeQuery(sqlFunction.java:76)
	at testCases.DataCompletenessValidation.lambda$0(DataCompletenessValidation.java:79)
	at java.base/java.util.concurrent.FutureTask.run(FutureTask.java:264)
	at java.base/java.util.concurrent.ThreadPoolExecutor.runWorker(ThreadPoolExecutor.java:1128)
	at java.base/java.util.concurrent.ThreadPoolExecutor$Worker.run(ThreadPoolExecutor.java:628)
	at java.base/java.lang.Thread.run(Thread.java:834)
Caused by: java.sql.SQLSyntaxErrorException: ORA-00933: SQL command not properly ended

	at oracle.jdbc.driver.T4CTTIoer11.processError(T4CTTIoer11.java:702)
	at oracle.jdbc.driver.T4CTTIoer11.processError(T4CTTIoer11.java:608)
	at oracle.jdbc.driver.T4C8Oall.processError(T4C8Oall.java:1248)
	at oracle.jdbc.driver.T4CTTIfun.receive(T4CTTIfun.java:1041)
	at oracle.jdbc.driver.T4CTTIfun.doRPC(T4CTTIfun.java:443)
	at oracle.jdbc.driver.T4C8Oall.doOALL(T4C8Oall.java:518)
	at oracle.jdbc.driver.T4CStatement.doOall8(T4CStatement.java:156)
	at oracle.jdbc.driver.T4CStatement.executeForDescribe(T4CStatement.java:963)
	at oracle.jdbc.driver.OracleStatement.prepareDefineBufferAndExecute(OracleStatement.java:1205)
	at oracle.jdbc.driver.OracleStatement.executeMaybeDescribe(OracleStatement.java:1135)
	at oracle.jdbc.driver.OracleStatement.executeSQLSelect(OracleStatement.java:1472)
	at oracle.jdbc.driver.OracleStatement.doExecuteWithTimeout(OracleStatement.java:1343)
	at oracle.jdbc.driver.OracleStatement.executeQuery(OracleStatement.java:1727)
	at oracle.jdbc.driver.OracleStatementWrapper.executeQuery(OracleStatementWrapper.java:380)
	at databaseFunction.sqlFunction.executeQuery(sqlFunction.java:46)
	... 5 more
Caused by: Error : 933, Position : 42, SQL = select ItemId, ItemName  from items  orde by itemid
, Original SQL = select ItemId, ItemName  from items  orde by itemid
, Error Message = ORA-00933: SQL command not properly ended

	at oracle.jdbc.driver.T4CTTIoer11.processError(T4CTTIoer11.java:710)
	... 19 more
ERROR [main] (DataCompletenessValidation.java:141) - $$$$$$$$$$$$$$$$$$$$$$$$$$$$$$$$$$$$$$$$$$$$$$$$$$$$$$$$$$$$$$$$$$$$$$$$    Test Case 1 : Data Completeness Validation for ITEMS_10L_Record_Validation : FAILED
]]></system-out>
    <system-err><![CDATA[SLF4J: Failed to load class "org.slf4j.impl.StaticLoggerBinder".
SLF4J: Defaulting to no-operation (NOP) logger implementation
SLF4J: See http://www.slf4j.org/codes.html#StaticLoggerBinder for further details.
log4j:WARN No appenders could be found for logger (base.TestBase).
log4j:WARN Please initialize the log4j system properly.
log4j:WARN See http://logging.apache.org/log4j/1.2/faq.html#noconfig for more info.
java.sql.SQLSyntaxErrorException: ORA-00933: SQL command not properly ended

	at oracle.jdbc.driver.T4CTTIoer11.processError(T4CTTIoer11.java:702)
	at oracle.jdbc.driver.T4CTTIoer11.processError(T4CTTIoer11.java:608)
	at oracle.jdbc.driver.T4C8Oall.processError(T4C8Oall.java:1248)
	at oracle.jdbc.driver.T4CTTIfun.receive(T4CTTIfun.java:1041)
	at oracle.jdbc.driver.T4CTTIfun.doRPC(T4CTTIfun.java:443)
	at oracle.jdbc.driver.T4C8Oall.doOALL(T4C8Oall.java:518)
	at oracle.jdbc.driver.T4CStatement.doOall8(T4CStatement.java:156)
	at oracle.jdbc.driver.T4CStatement.executeForDescribe(T4CStatement.java:963)
	at oracle.jdbc.driver.OracleStatement.prepareDefineBufferAndExecute(OracleStatement.java:1205)
	at oracle.jdbc.driver.OracleStatement.executeMaybeDescribe(OracleStatement.java:1135)
	at oracle.jdbc.driver.OracleStatement.executeSQLSelect(OracleStatement.java:1472)
	at oracle.jdbc.driver.OracleStatement.doExecuteWithTimeout(OracleStatement.java:1343)
	at oracle.jdbc.driver.OracleStatement.executeQuery(OracleStatement.java:1727)
	at oracle.jdbc.driver.OracleStatementWrapper.executeQuery(OracleStatementWrapper.java:380)
	at databaseFunction.sqlFunction.executeQuery(sqlFunction.java:46)
	at testCases.DataCompletenessValidation.lambda$0(DataCompletenessValidation.java:79)
	at java.base/java.util.concurrent.FutureTask.run(FutureTask.java:264)
	at java.base/java.util.concurrent.ThreadPoolExecutor.runWorker(ThreadPoolExecutor.java:1128)
	at java.base/java.util.concurrent.ThreadPoolExecutor$Worker.run(ThreadPoolExecutor.java:628)
	at java.base/java.lang.Thread.run(Thread.java:834)
Caused by: Error : 933, Position : 42, SQL = select ItemId, ItemName  from items  orde by itemid
, Original SQL = select ItemId, ItemName  from items  orde by itemid
, Error Message = ORA-00933: SQL command not properly ended

	at oracle.jdbc.driver.T4CTTIoer11.processError(T4CTTIoer11.java:710)
	... 19 more
]]></system-err>
  </testcase>
  <testcase name="dataCompleteness[ITEMS_CountValidation](2)" classname="testCases.DataCompletenessValidation" time="0.231">
    <system-out><![CDATA[ INFO [main] (DataCompletenessValidation.java:42) - #########################################################################    Test Case 2 : Data Completeness Validation for ITEMS_CountValidation : STARTED
 INFO [pool-2-thread-2] (DataCompletenessValidation.java:75) - Reading source SQL query from file
 INFO [pool-2-thread-2] (sqlFunction.java:30) - Query read from file: ./SQLFiles/ITEMS_CountValidation/source/source.sql
 INFO [pool-2-thread-2] (sqlFunction.java:71) - Query executed successfully: SELECT count(*) FROM items

 INFO [pool-2-thread-2] (DataCompletenessValidation.java:96) - Reading target SQL query from file
 INFO [pool-2-thread-2] (sqlFunction.java:30) - Query read from file: ./SQLFiles/ITEMS_CountValidation/target/target.sql
 INFO [pool-2-thread-2] (sqlFunction.java:71) - Query executed successfully: SELECT count(*) FROM items

 INFO [pool-2-thread-2] (DataCompletenessValidation.java:104) - Finding differing rows
 INFO [pool-2-thread-2] (DataCompletenessValidation.java:111) - Asserting that the lists are equal
 INFO [pool-2-thread-2] (DataCompletenessValidation.java:112) - #########################################################################    Test Case 2 : Data Completeness Validation for ITEMS_CountValidation : PASSED
]]></system-out>
  </testcase>
  <testcase name="dataCompleteness[STUDENT_5L_Record_Validation](3)" classname="testCases.DataCompletenessValidation" time="4.794">
    <system-out><![CDATA[ INFO [main] (DataCompletenessValidation.java:42) - #########################################################################    Test Case 3 : Data Completeness Validation for STUDENT_5L_Record_Validation : STARTED
 INFO [pool-2-thread-3] (DataCompletenessValidation.java:75) - Reading source SQL query from file
 INFO [pool-2-thread-3] (sqlFunction.java:30) - Query read from file: ./SQLFiles/STUDENT_5L_Record_Validation/source/source.sql
 INFO [pool-2-thread-3] (sqlFunction.java:71) - Query executed successfully: select * from student order by student_id

 INFO [pool-2-thread-3] (DataCompletenessValidation.java:96) - Reading target SQL query from file
 INFO [pool-2-thread-3] (sqlFunction.java:30) - Query read from file: ./SQLFiles/STUDENT_5L_Record_Validation/target/target.sql
 INFO [pool-2-thread-3] (sqlFunction.java:71) - Query executed successfully: select * from student order by student_id

 INFO [pool-2-thread-3] (DataCompletenessValidation.java:104) - Finding differing rows
 INFO [pool-2-thread-3] (DataCompletenessValidation.java:111) - Asserting that the lists are equal
 INFO [pool-2-thread-3] (DataCompletenessValidation.java:112) - #########################################################################    Test Case 3 : Data Completeness Validation for STUDENT_5L_Record_Validation : PASSED
]]></system-out>
  </testcase>
  <testcase name="dataCompleteness[STUDENT_CountValidation](4)" classname="testCases.DataCompletenessValidation" time="0.1">
    <system-out><![CDATA[ INFO [main] (DataCompletenessValidation.java:42) - #########################################################################    Test Case 4 : Data Completeness Validation for STUDENT_CountValidation : STARTED
 INFO [pool-2-thread-4] (DataCompletenessValidation.java:75) - Reading source SQL query from file
 INFO [pool-2-thread-4] (sqlFunction.java:30) - Query read from file: ./SQLFiles/STUDENT_CountValidation/source/source.sql
 INFO [pool-2-thread-4] (sqlFunction.java:71) - Query executed successfully: SELECT count(*) from student

 INFO [pool-2-thread-4] (DataCompletenessValidation.java:96) - Reading target SQL query from file
 INFO [pool-2-thread-4] (sqlFunction.java:30) - Query read from file: ./SQLFiles/STUDENT_CountValidation/target/target.sql
 INFO [pool-2-thread-4] (sqlFunction.java:71) - Query executed successfully: select count(*) from student

 INFO [pool-2-thread-4] (DataCompletenessValidation.java:104) - Finding differing rows
 INFO [pool-2-thread-4] (DataCompletenessValidation.java:111) - Asserting that the lists are equal
 INFO [pool-2-thread-4] (DataCompletenessValidation.java:112) - #########################################################################    Test Case 4 : Data Completeness Validation for STUDENT_CountValidation : PASSED
]]></system-out>
  </testcase>
  <testcase name="dataCompleteness[STUDENT_SMALL_db_to_file_validation](5)" classname="testCases.DataCompletenessValidation" time="0.032">
    <system-out><![CDATA[ INFO [main] (DataCompletenessValidation.java:42) - #########################################################################    Test Case 5 : Data Completeness Validation for STUDENT_SMALL_db_to_file_validation : STARTED
 INFO [pool-2-thread-5] (DataCompletenessValidation.java:75) - Reading source SQL query from file
 INFO [pool-2-thread-5] (sqlFunction.java:30) - Query read from file: ./SQLFiles/STUDENT_SMALL_db_to_file_validation/source/source.sql
 INFO [pool-2-thread-5] (sqlFunction.java:71) - Query executed successfully: select * from student_small order by student_id

 INFO [pool-2-thread-5] (DataCompletenessValidation.java:84) - Reading data from target CSV file
 INFO [pool-2-thread-5] (CSVFileReader.java:25) - Reading CSV file: .\SQLFiles\STUDENT_SMALL_db_to_file_validation\target\student_small.csv
 INFO [pool-2-thread-5] (CSVFileReader.java:38) - CSV file read successfully. Number of rows: 10
[[STUDENT_ID: 1, STUDENT_NAME: 1Name, COLLEGE: 1College, STATE: 1State, COUNTRY: 1Country], [STUDENT_ID: 2, STUDENT_NAME: 2Name, COLLEGE: 2College, STATE: 2State, COUNTRY: 2Country], [STUDENT_ID: 3, STUDENT_NAME: 3Name, COLLEGE: 3College, STATE: 3State, COUNTRY: 3Country], [STUDENT_ID: 4, STUDENT_NAME: 4Name, COLLEGE: 4College, STATE: 4State, COUNTRY: 4Country], [STUDENT_ID: 5, STUDENT_NAME: 5Name, COLLEGE: 5College, STATE: 5State, COUNTRY: 5Country], [STUDENT_ID: 6, STUDENT_NAME: 6Name, COLLEGE: 6College, STATE: 6State, COUNTRY: 6Country], [STUDENT_ID: 7, STUDENT_NAME: 7Name, COLLEGE: 7College, STATE: 7State, COUNTRY: 7Country], [STUDENT_ID: 8, STUDENT_NAME: 8Name, COLLEGE: 8College, STATE: 8State, COUNTRY: 8Country], [STUDENT_ID: 9, STUDENT_NAME: 9Name, COLLEGE: 9College, STATE: 9State, COUNTRY: 9Country], [STUDENT_ID: 10, STUDENT_NAME: 10Name, COLLEGE: 10College, STATE: 10State, COUNTRY: 10Country]]
 INFO [pool-2-thread-5] (DataCompletenessValidation.java:104) - Finding differing rows
 INFO [pool-2-thread-5] (DataCompletenessValidation.java:111) - Asserting that the lists are equal
 INFO [pool-2-thread-5] (DataCompletenessValidation.java:112) - #########################################################################    Test Case 5 : Data Completeness Validation for STUDENT_SMALL_db_to_file_validation : PASSED
]]></system-out>
  </testcase>
  <testcase name="dataCompleteness[STUDENT_SMALL_db_to_JSONfile_validation](6)" classname="testCases.DataCompletenessValidation" time="0.293">
    <system-out><![CDATA[ INFO [main] (DataCompletenessValidation.java:42) - #########################################################################    Test Case 6 : Data Completeness Validation for STUDENT_SMALL_db_to_JSONfile_validation : STARTED
 INFO [pool-2-thread-1] (DataCompletenessValidation.java:75) - Reading source SQL query from file
 INFO [pool-2-thread-1] (sqlFunction.java:30) - Query read from file: ./SQLFiles/STUDENT_SMALL_db_to_JSONfile_validation/source/source.sql
 INFO [pool-2-thread-1] (sqlFunction.java:71) - Query executed successfully: select * from student_small order by student_id

 INFO [pool-2-thread-1] (DataCompletenessValidation.java:88) - Reading data from target JSON file
 INFO [pool-2-thread-1] (DataCompletenessValidation.java:104) - Finding differing rows
 INFO [pool-2-thread-1] (DataCompletenessValidation.java:111) - Asserting that the lists are equal
 INFO [pool-2-thread-1] (DataCompletenessValidation.java:112) - #########################################################################    Test Case 6 : Data Completeness Validation for STUDENT_SMALL_db_to_JSONfile_validation : PASSED
]]></system-out>
  </testcase>
  <testcase name="dataCompleteness[STUDENT_SMALL_db_to_XMLfile_validation](7)" classname="testCases.DataCompletenessValidation" time="0.014">
    <system-out><![CDATA[ INFO [main] (DataCompletenessValidation.java:42) - #########################################################################    Test Case 7 : Data Completeness Validation for STUDENT_SMALL_db_to_XMLfile_validation : STARTED
 INFO [pool-2-thread-2] (DataCompletenessValidation.java:75) - Reading source SQL query from file
 INFO [pool-2-thread-2] (sqlFunction.java:30) - Query read from file: ./SQLFiles/STUDENT_SMALL_db_to_XMLfile_validation/source/source.sql
 INFO [pool-2-thread-2] (sqlFunction.java:71) - Query executed successfully: select * from student_small order by student_id

 INFO [pool-2-thread-2] (DataCompletenessValidation.java:92) - Reading data from target XML file
 INFO [pool-2-thread-2] (DataCompletenessValidation.java:104) - Finding differing rows
 INFO [pool-2-thread-2] (DataCompletenessValidation.java:111) - Asserting that the lists are equal
 INFO [pool-2-thread-2] (DataCompletenessValidation.java:112) - #########################################################################    Test Case 7 : Data Completeness Validation for STUDENT_SMALL_db_to_XMLfile_validation : PASSED
]]></system-out>
  </testcase>
  <testcase name="dataCompleteness[STUDENT_SMALL_file_to_db_validation](8)" classname="testCases.DataCompletenessValidation" time="0.009">
    <system-out><![CDATA[ INFO [main] (DataCompletenessValidation.java:42) - #########################################################################    Test Case 8 : Data Completeness Validation for STUDENT_SMALL_file_to_db_validation : STARTED
 INFO [pool-2-thread-3] (DataCompletenessValidation.java:62) - Reading data from source CSV file
 INFO [pool-2-thread-3] (CSVFileReader.java:25) - Reading CSV file: .\SQLFiles\STUDENT_SMALL_file_to_db_validation\source\student_small.csv
 INFO [pool-2-thread-3] (CSVFileReader.java:38) - CSV file read successfully. Number of rows: 10
[[STUDENT_ID: 1, STUDENT_NAME: 1Name, COLLEGE: 1College, STATE: 1State, COUNTRY: 1Country], [STUDENT_ID: 2, STUDENT_NAME: 2Name, COLLEGE: 2College, STATE: 2State, COUNTRY: 2Country], [STUDENT_ID: 3, STUDENT_NAME: 3Name, COLLEGE: 3College, STATE: 3State, COUNTRY: 3Country], [STUDENT_ID: 4, STUDENT_NAME: 4Name, COLLEGE: 4College, STATE: 4State, COUNTRY: 4Country], [STUDENT_ID: 5, STUDENT_NAME: 5Name, COLLEGE: 5College, STATE: 5State, COUNTRY: 5Country], [STUDENT_ID: 6, STUDENT_NAME: 6Name, COLLEGE: 6College, STATE: 6State, COUNTRY: 6Country], [STUDENT_ID: 7, STUDENT_NAME: 7Name, COLLEGE: 7College, STATE: 7State, COUNTRY: 7Country], [STUDENT_ID: 8, STUDENT_NAME: 8Name, COLLEGE: 8College, STATE: 8State, COUNTRY: 8Country], [STUDENT_ID: 9, STUDENT_NAME: 9Name, COLLEGE: 9College, STATE: 9State, COUNTRY: 9Country], [STUDENT_ID: 10, STUDENT_NAME: 10Name, COLLEGE: 10College, STATE: 10State, COUNTRY: 10Country]]
 INFO [pool-2-thread-3] (DataCompletenessValidation.java:96) - Reading target SQL query from file
 INFO [pool-2-thread-3] (sqlFunction.java:30) - Query read from file: ./SQLFiles/STUDENT_SMALL_file_to_db_validation/target/target.sql
 INFO [pool-2-thread-3] (sqlFunction.java:71) - Query executed successfully: select * from student_small order by student_id

 INFO [pool-2-thread-3] (DataCompletenessValidation.java:104) - Finding differing rows
 INFO [pool-2-thread-3] (DataCompletenessValidation.java:111) - Asserting that the lists are equal
 INFO [pool-2-thread-3] (DataCompletenessValidation.java:112) - #########################################################################    Test Case 8 : Data Completeness Validation for STUDENT_SMALL_file_to_db_validation : PASSED
]]></system-out>
  </testcase>
  <testcase name="dataCompleteness[STUDENT_SMALL_file_to_file_validation](9)" classname="testCases.DataCompletenessValidation" time="0.006">
    <system-out><![CDATA[ INFO [main] (DataCompletenessValidation.java:42) - #########################################################################    Test Case 9 : Data Completeness Validation for STUDENT_SMALL_file_to_file_validation : STARTED
 INFO [pool-2-thread-4] (DataCompletenessValidation.java:62) - Reading data from source CSV file
 INFO [pool-2-thread-4] (CSVFileReader.java:25) - Reading CSV file: .\SQLFiles\STUDENT_SMALL_file_to_file_validation\source\student_small.csv
 INFO [pool-2-thread-4] (CSVFileReader.java:38) - CSV file read successfully. Number of rows: 10
[[STUDENT_ID: 1, STUDENT_NAME: 1Name, COLLEGE: 1College, STATE: 1State, COUNTRY: 1Country], [STUDENT_ID: 2, STUDENT_NAME: 2Name, COLLEGE: 2College, STATE: 2State, COUNTRY: 2Country], [STUDENT_ID: 3, STUDENT_NAME: 3Name, COLLEGE: 3College, STATE: 3State, COUNTRY: 3Country], [STUDENT_ID: 4, STUDENT_NAME: 4Name, COLLEGE: 4College, STATE: 4State, COUNTRY: 4Country], [STUDENT_ID: 5, STUDENT_NAME: 5Name, COLLEGE: 5College, STATE: 5State, COUNTRY: 5Country], [STUDENT_ID: 6, STUDENT_NAME: 6Name, COLLEGE: 6College, STATE: 6State, COUNTRY: 6Country], [STUDENT_ID: 7, STUDENT_NAME: 7Name, COLLEGE: 7College, STATE: 7State, COUNTRY: 7Country], [STUDENT_ID: 8, STUDENT_NAME: 8Name, COLLEGE: 8College, STATE: 8State, COUNTRY: 8Country], [STUDENT_ID: 9, STUDENT_NAME: 9Name, COLLEGE: 9College, STATE: 9State, COUNTRY: 9Country], [STUDENT_ID: 10, STUDENT_NAME: 10Name, COLLEGE: 10College, STATE: 10State, COUNTRY: 10Country]]
 INFO [pool-2-thread-4] (DataCompletenessValidation.java:84) - Reading data from target CSV file
 INFO [pool-2-thread-4] (CSVFileReader.java:25) - Reading CSV file: .\SQLFiles\STUDENT_SMALL_file_to_file_validation\target\student_small.csv
 INFO [pool-2-thread-4] (CSVFileReader.java:38) - CSV file read successfully. Number of rows: 10
[[STUDENT_ID: 1, STUDENT_NAME: 1Name, COLLEGE: 1College, STATE: 1State, COUNTRY: 1Country], [STUDENT_ID: 2, STUDENT_NAME: 2Name, COLLEGE: 2College, STATE: 2State, COUNTRY: 2Country], [STUDENT_ID: 3, STUDENT_NAME: 3Name, COLLEGE: 3College, STATE: 3State, COUNTRY: 3Country], [STUDENT_ID: 4, STUDENT_NAME: 4Name, COLLEGE: 4College, STATE: 4State, COUNTRY: 4Country], [STUDENT_ID: 5, STUDENT_NAME: 5Name, COLLEGE: 5College, STATE: 5State, COUNTRY: 5Country], [STUDENT_ID: 6, STUDENT_NAME: 6Name, COLLEGE: 6College, STATE: 6State, COUNTRY: 6Country], [STUDENT_ID: 7, STUDENT_NAME: 7Name, COLLEGE: 7College, STATE: 7State, COUNTRY: 7Country], [STUDENT_ID: 8, STUDENT_NAME: 8Name, COLLEGE: 8College, STATE: 8State, COUNTRY: 8Country], [STUDENT_ID: 9, STUDENT_NAME: 9Name, COLLEGE: 9College, STATE: 9State, COUNTRY: 9Country], [STUDENT_ID: 10, STUDENT_NAME: 10Name, COLLEGE: 10College, STATE: 10State, COUNTRY: 10Country]]
 INFO [pool-2-thread-4] (DataCompletenessValidation.java:104) - Finding differing rows
 INFO [pool-2-thread-4] (DataCompletenessValidation.java:111) - Asserting that the lists are equal
 INFO [pool-2-thread-4] (DataCompletenessValidation.java:112) - #########################################################################    Test Case 9 : Data Completeness Validation for STUDENT_SMALL_file_to_file_validation : PASSED
]]></system-out>
  </testcase>
  <testcase name="dataCompleteness[STUDENT_SMALL_JSONfile_to_db_validation](10)" classname="testCases.DataCompletenessValidation" time="0.007">
    <system-out><![CDATA[ INFO [main] (DataCompletenessValidation.java:42) - #########################################################################    Test Case 10 : Data Completeness Validation for STUDENT_SMALL_JSONfile_to_db_validation : STARTED
 INFO [pool-2-thread-5] (DataCompletenessValidation.java:67) - Reading data from source JSON file
 INFO [pool-2-thread-5] (DataCompletenessValidation.java:96) - Reading target SQL query from file
 INFO [pool-2-thread-5] (sqlFunction.java:30) - Query read from file: ./SQLFiles/STUDENT_SMALL_JSONfile_to_db_validation/target/target.sql
 INFO [pool-2-thread-5] (sqlFunction.java:71) - Query executed successfully: select * from student_small order by student_id

 INFO [pool-2-thread-5] (DataCompletenessValidation.java:104) - Finding differing rows
 INFO [pool-2-thread-5] (DataCompletenessValidation.java:111) - Asserting that the lists are equal
 INFO [pool-2-thread-5] (DataCompletenessValidation.java:112) - #########################################################################    Test Case 10 : Data Completeness Validation for STUDENT_SMALL_JSONfile_to_db_validation : PASSED
]]></system-out>
  </testcase>
  <testcase name="dataCompleteness[STUDENT_SMALL_JSONfile_to_JSONfile_validation](11)" classname="testCases.DataCompletenessValidation" time="0.007">
    <system-out><![CDATA[ INFO [main] (DataCompletenessValidation.java:42) - #########################################################################    Test Case 11 : Data Completeness Validation for STUDENT_SMALL_JSONfile_to_JSONfile_validation : STARTED
 INFO [pool-2-thread-1] (DataCompletenessValidation.java:67) - Reading data from source JSON file
 INFO [pool-2-thread-1] (DataCompletenessValidation.java:88) - Reading data from target JSON file
 INFO [pool-2-thread-1] (DataCompletenessValidation.java:104) - Finding differing rows
 INFO [pool-2-thread-1] (DataCompletenessValidation.java:111) - Asserting that the lists are equal
 INFO [pool-2-thread-1] (DataCompletenessValidation.java:112) - #########################################################################    Test Case 11 : Data Completeness Validation for STUDENT_SMALL_JSONfile_to_JSONfile_validation : PASSED
]]></system-out>
  </testcase>
  <testcase name="dataCompleteness[STUDENT_SMALL_XMLfile_to_db_validation](12)" classname="testCases.DataCompletenessValidation" time="0.007">
    <system-out><![CDATA[ INFO [main] (DataCompletenessValidation.java:42) - #########################################################################    Test Case 12 : Data Completeness Validation for STUDENT_SMALL_XMLfile_to_db_validation : STARTED
 INFO [pool-2-thread-2] (DataCompletenessValidation.java:71) - Reading data from source XML file
 INFO [pool-2-thread-2] (DataCompletenessValidation.java:96) - Reading target SQL query from file
 INFO [pool-2-thread-2] (sqlFunction.java:30) - Query read from file: ./SQLFiles/STUDENT_SMALL_XMLfile_to_db_validation/target/target.sql
 INFO [pool-2-thread-2] (sqlFunction.java:71) - Query executed successfully: select * from student_small order by student_id

 INFO [pool-2-thread-2] (DataCompletenessValidation.java:104) - Finding differing rows
 INFO [pool-2-thread-2] (DataCompletenessValidation.java:111) - Asserting that the lists are equal
 INFO [pool-2-thread-2] (DataCompletenessValidation.java:112) - #########################################################################    Test Case 12 : Data Completeness Validation for STUDENT_SMALL_XMLfile_to_db_validation : PASSED
]]></system-out>
  </testcase>
  <testcase name="dataCompleteness[STUDENT_SMALL_XMLfile_to_XMLfile_validation](13)" classname="testCases.DataCompletenessValidation" time="0.009">
    <system-out><![CDATA[ INFO [main] (DataCompletenessValidation.java:42) - #########################################################################    Test Case 13 : Data Completeness Validation for STUDENT_SMALL_XMLfile_to_XMLfile_validation : STARTED
 INFO [pool-2-thread-3] (DataCompletenessValidation.java:71) - Reading data from source XML file
 INFO [pool-2-thread-3] (DataCompletenessValidation.java:92) - Reading data from target XML file
 INFO [pool-2-thread-3] (DataCompletenessValidation.java:104) - Finding differing rows
 INFO [pool-2-thread-3] (DataCompletenessValidation.java:111) - Asserting that the lists are equal
 INFO [pool-2-thread-3] (DataCompletenessValidation.java:112) - #########################################################################    Test Case 13 : Data Completeness Validation for STUDENT_SMALL_XMLfile_to_XMLfile_validation : PASSED
]]></system-out>
  </testcase>
  <testcase name="dataCompleteness[T_DEPT_CountValidation](14)" classname="testCases.DataCompletenessValidation" time="0.01">
    <system-out><![CDATA[ INFO [main] (DataCompletenessValidation.java:42) - #########################################################################    Test Case 14 : Data Completeness Validation for T_DEPT_CountValidation : STARTED
 INFO [pool-2-thread-4] (DataCompletenessValidation.java:75) - Reading source SQL query from file
 INFO [pool-2-thread-4] (sqlFunction.java:30) - Query read from file: ./SQLFiles/T_DEPT_CountValidation/source/source.sql
 INFO [pool-2-thread-4] (sqlFunction.java:71) - Query executed successfully: SELECT count(*) from dept

 INFO [pool-2-thread-4] (DataCompletenessValidation.java:96) - Reading target SQL query from file
 INFO [pool-2-thread-4] (sqlFunction.java:30) - Query read from file: ./SQLFiles/T_DEPT_CountValidation/target/target.sql
 INFO [pool-2-thread-4] (sqlFunction.java:71) - Query executed successfully: select count(*) from t_dept

 INFO [pool-2-thread-4] (DataCompletenessValidation.java:104) - Finding differing rows
 INFO [pool-2-thread-4] (DataCompletenessValidation.java:111) - Asserting that the lists are equal
 INFO [pool-2-thread-4] (DataCompletenessValidation.java:112) - #########################################################################    Test Case 14 : Data Completeness Validation for T_DEPT_CountValidation : PASSED
]]></system-out>
  </testcase>
  <testcase name="dataCompleteness[T_DEPT_DataCompletenessValidation](15)" classname="testCases.DataCompletenessValidation" time="0.007">
    <system-out><![CDATA[ INFO [main] (DataCompletenessValidation.java:42) - #########################################################################    Test Case 15 : Data Completeness Validation for T_DEPT_DataCompletenessValidation : STARTED
 INFO [pool-2-thread-5] (DataCompletenessValidation.java:75) - Reading source SQL query from file
 INFO [pool-2-thread-5] (sqlFunction.java:30) - Query read from file: ./SQLFiles/T_DEPT_DataCompletenessValidation/source/source.sql
 INFO [pool-2-thread-5] (sqlFunction.java:71) - Query executed successfully: SELECT * from dept order by deptno

 INFO [pool-2-thread-5] (DataCompletenessValidation.java:96) - Reading target SQL query from file
 INFO [pool-2-thread-5] (sqlFunction.java:30) - Query read from file: ./SQLFiles/T_DEPT_DataCompletenessValidation/target/target.sql
 INFO [pool-2-thread-5] (sqlFunction.java:71) - Query executed successfully: SELECT deptno,dname,loc from t_dept order by t_dept_id

 INFO [pool-2-thread-5] (DataCompletenessValidation.java:104) - Finding differing rows
 INFO [pool-2-thread-5] (DataCompletenessValidation.java:111) - Asserting that the lists are equal
 INFO [pool-2-thread-5] (DataCompletenessValidation.java:112) - #########################################################################    Test Case 15 : Data Completeness Validation for T_DEPT_DataCompletenessValidation : PASSED
]]></system-out>
  </testcase>
  <testcase name="dataCompleteness[T_EMP_CountValidation](16)" classname="testCases.DataCompletenessValidation" time="0.009">
    <system-out><![CDATA[ INFO [main] (DataCompletenessValidation.java:42) - #########################################################################    Test Case 16 : Data Completeness Validation for T_EMP_CountValidation : STARTED
 INFO [pool-2-thread-1] (DataCompletenessValidation.java:75) - Reading source SQL query from file
 INFO [pool-2-thread-1] (sqlFunction.java:30) - Query read from file: ./SQLFiles/T_EMP_CountValidation/source/source.sql
 INFO [pool-2-thread-1] (sqlFunction.java:71) - Query executed successfully: SELECT count(*) FROM s_emp e1 
INNER JOIN s_dept d1 ON e1.deptno = d1.deptno
INNER JOIN s_emp e2 on e2.empno=e1.mgr

 INFO [pool-2-thread-1] (DataCompletenessValidation.java:96) - Reading target SQL query from file
 INFO [pool-2-thread-1] (sqlFunction.java:30) - Query read from file: ./SQLFiles/T_EMP_CountValidation/target/target.sql
 INFO [pool-2-thread-1] (sqlFunction.java:71) - Query executed successfully: select count(*) from t_emp

 INFO [pool-2-thread-1] (DataCompletenessValidation.java:104) - Finding differing rows
 INFO [pool-2-thread-1] (DataCompletenessValidation.java:111) - Asserting that the lists are equal
 INFO [pool-2-thread-1] (DataCompletenessValidation.java:112) - #########################################################################    Test Case 16 : Data Completeness Validation for T_EMP_CountValidation : PASSED
]]></system-out>
  </testcase>
  <testcase name="dataCompleteness[T_EMP_DataCompletenessValidation](17)" classname="testCases.DataCompletenessValidation" time="0.023">
    <failure message="Test failed: java.lang.AssertionError: Details of Differences:&#10;Row 1:&#10;   Column 2: List1 = EMP_NAME: Sunil, List2 = EMP_NAME: Smith&#10; expected [true] but found [false]" type="java.lang.AssertionError"><![CDATA[java.lang.AssertionError: 
Test failed: java.lang.AssertionError: Details of Differences:
Row 1:
   Column 2: List1 = EMP_NAME: Sunil, List2 = EMP_NAME: Smith
 expected [true] but found [false]
	at testCases.DataCompletenessValidation.dataCompleteness(DataCompletenessValidation.java:146)
	at jdk.internal.reflect.GeneratedMethodAccessor6.invoke(Unknown Source)
	at java.base/jdk.internal.reflect.DelegatingMethodAccessorImpl.invoke(DelegatingMethodAccessorImpl.java:43)
	at java.base/java.lang.reflect.Method.invoke(Method.java:566)
	at org.testng.internal.invokers.MethodInvocationHelper.invokeMethod(MethodInvocationHelper.java:139)
	at org.testng.internal.invokers.TestInvoker.invokeMethod(TestInvoker.java:664)
	at org.testng.internal.invokers.TestInvoker.invokeTestMethod(TestInvoker.java:227)
	at org.testng.internal.invokers.MethodRunner.runInSequence(MethodRunner.java:50)
	at org.testng.internal.invokers.TestInvoker$MethodInvocationAgent.invoke(TestInvoker.java:957)
	at org.testng.internal.invokers.TestInvoker.invokeTestMethods(TestInvoker.java:200)
	at org.testng.internal.invokers.TestMethodWorker.invokeTestMethods(TestMethodWorker.java:148)
	at org.testng.internal.invokers.TestMethodWorker.run(TestMethodWorker.java:128)
	at java.base/java.util.ArrayList.forEach(ArrayList.java:1541)
	at org.testng.TestRunner.privateRun(TestRunner.java:848)
	at org.testng.TestRunner.run(TestRunner.java:621)
	at org.testng.SuiteRunner.runTest(SuiteRunner.java:443)
	at org.testng.SuiteRunner.runSequentially(SuiteRunner.java:437)
	at org.testng.SuiteRunner.privateRun(SuiteRunner.java:397)
	at org.testng.SuiteRunner.run(SuiteRunner.java:336)
	at org.testng.SuiteRunnerWorker.runSuite(SuiteRunnerWorker.java:52)
	at org.testng.SuiteRunnerWorker.run(SuiteRunnerWorker.java:95)
	at org.testng.TestNG.runSuitesSequentially(TestNG.java:1280)
	at org.testng.TestNG.runSuitesLocally(TestNG.java:1200)
	at org.testng.TestNG.runSuites(TestNG.java:1114)
	at org.testng.TestNG.run(TestNG.java:1082)
	at org.apache.maven.surefire.testng.TestNGExecutor.run(TestNGExecutor.java:308)
	at org.apache.maven.surefire.testng.TestNGXmlTestSuite.execute(TestNGXmlTestSuite.java:71)
	at org.apache.maven.surefire.testng.TestNGProvider.invoke(TestNGProvider.java:113)
	at org.apache.maven.surefire.booter.ForkedBooter.runSuitesInProcess(ForkedBooter.java:385)
	at org.apache.maven.surefire.booter.ForkedBooter.execute(ForkedBooter.java:162)
	at org.apache.maven.surefire.booter.ForkedBooter.run(ForkedBooter.java:507)
	at org.apache.maven.surefire.booter.ForkedBooter.main(ForkedBooter.java:495)
Caused by: java.util.concurrent.ExecutionException: java.lang.AssertionError: Details of Differences:
Row 1:
   Column 2: List1 = EMP_NAME: Sunil, List2 = EMP_NAME: Smith
 expected [true] but found [false]
	at java.base/java.util.concurrent.FutureTask.report(FutureTask.java:122)
	at java.base/java.util.concurrent.FutureTask.get(FutureTask.java:191)
	at testCases.DataCompletenessValidation.dataCompleteness(DataCompletenessValidation.java:138)
	... 31 more
Caused by: java.lang.AssertionError: Details of Differences:
Row 1:
   Column 2: List1 = EMP_NAME: Sunil, List2 = EMP_NAME: Smith
 expected [true] but found [false]
	at org.testng.Assert.fail(Assert.java:111)
	at org.testng.Assert.failNotEquals(Assert.java:1578)
	at org.testng.Assert.assertTrue(Assert.java:57)
	at testCases.DataCompletenessValidation.lambda$0(DataCompletenessValidation.java:126)
	at java.base/java.util.concurrent.FutureTask.run(FutureTask.java:264)
	at java.base/java.util.concurrent.ThreadPoolExecutor.runWorker(ThreadPoolExecutor.java:1128)
	at java.base/java.util.concurrent.ThreadPoolExecutor$Worker.run(ThreadPoolExecutor.java:628)
	at java.base/java.lang.Thread.run(Thread.java:834)
]]></failure>
    <system-out><![CDATA[ INFO [main] (DataCompletenessValidation.java:42) - #########################################################################    Test Case 17 : Data Completeness Validation for T_EMP_DataCompletenessValidation : STARTED
 INFO [pool-2-thread-2] (DataCompletenessValidation.java:75) - Reading source SQL query from file
 INFO [pool-2-thread-2] (sqlFunction.java:30) - Query read from file: ./SQLFiles/T_EMP_DataCompletenessValidation/source/source.sql
 INFO [pool-2-thread-2] (sqlFunction.java:71) - Query executed successfully: SELECT 
    e1.EMPNO AS EMP_ID,
    INITCAP(e1.ename) AS EMP_NAME,
    d1.dname AS DEPT_NAME,
    INITCAP(e2.ename) AS MANAGER_NAME,
    e1.job AS JOB_TYPE,
    INITCAP(d1.loc) AS LOCATION,
    TO_CHAR(e1.hiredate,'yyyy-mm-dd') as HIRE_DATE,
    ROUND(MONTHS_BETWEEN(SYSDATE, e1.hiredate) / 12) AS TOTAL_EXP_IN_COMPANY,
    e1.sal AS SALARY,
    NVL(e1.comm, 0) AS COMMISSION,
    e1.sal + NVL(e1.comm, 0) AS TOTAL_SALARY,
    CASE 
        WHEN e1.sal + NVL(e1.comm, 0) < 2000 THEN 'LOW' 
        WHEN e1.sal + NVL(e1.comm, 0) BETWEEN 2000 AND 3000 THEN 'MID' 
        ELSE 'HIGH' 
    END AS SALARY_GRADE
FROM s_emp e1 
INNER JOIN s_dept d1 ON e1.deptno = d1.deptno
INNER JOIN s_emp e2 on e2.empno=e1.mgr
order by EMP_ID

 INFO [pool-2-thread-2] (DataCompletenessValidation.java:96) - Reading target SQL query from file
 INFO [pool-2-thread-2] (sqlFunction.java:30) - Query read from file: ./SQLFiles/T_EMP_DataCompletenessValidation/target/target.sql
 INFO [pool-2-thread-2] (sqlFunction.java:71) - Query executed successfully: select 
EMP_ID,
EMP_NAME,
DEPT_NAME,
MANAGER_NAME,
JOB_TYPE,
LOCATION,
HIRE_DATE,
TOTAL_EXP_IN_COMPANY,
SALARY,
COMMISSION,
TOTAL_SALARY,
SALARY_GRADE
from t_emp
order by EMP_ID

 INFO [pool-2-thread-2] (DataCompletenessValidation.java:104) - Finding differing rows
ERROR [pool-2-thread-2] (DataCompletenessValidation.java:119) - $$$$$$$$$$$$$$$$$$$$$$$$$$$$$$$$$$$$$$$$$$$$$$$$$$$$$$$$$$$$$$$$$$$$$$$$    Test Case 17 : Data Completeness Validation for T_EMP_DataCompletenessValidation : FAILED
ERROR [main] (DataCompletenessValidation.java:140) - Test failed: java.lang.AssertionError: Details of Differences:
Row 1:
   Column 2: List1 = EMP_NAME: Sunil, List2 = EMP_NAME: Smith
 expected [true] but found [false]
java.util.concurrent.ExecutionException: java.lang.AssertionError: Details of Differences:
Row 1:
   Column 2: List1 = EMP_NAME: Sunil, List2 = EMP_NAME: Smith
 expected [true] but found [false]
	at java.base/java.util.concurrent.FutureTask.report(FutureTask.java:122)
	at java.base/java.util.concurrent.FutureTask.get(FutureTask.java:191)
	at testCases.DataCompletenessValidation.dataCompleteness(DataCompletenessValidation.java:138)
	at jdk.internal.reflect.GeneratedMethodAccessor6.invoke(Unknown Source)
	at java.base/jdk.internal.reflect.DelegatingMethodAccessorImpl.invoke(DelegatingMethodAccessorImpl.java:43)
	at java.base/java.lang.reflect.Method.invoke(Method.java:566)
	at org.testng.internal.invokers.MethodInvocationHelper.invokeMethod(MethodInvocationHelper.java:139)
	at org.testng.internal.invokers.TestInvoker.invokeMethod(TestInvoker.java:664)
	at org.testng.internal.invokers.TestInvoker.invokeTestMethod(TestInvoker.java:227)
	at org.testng.internal.invokers.MethodRunner.runInSequence(MethodRunner.java:50)
	at org.testng.internal.invokers.TestInvoker$MethodInvocationAgent.invoke(TestInvoker.java:957)
	at org.testng.internal.invokers.TestInvoker.invokeTestMethods(TestInvoker.java:200)
	at org.testng.internal.invokers.TestMethodWorker.invokeTestMethods(TestMethodWorker.java:148)
	at org.testng.internal.invokers.TestMethodWorker.run(TestMethodWorker.java:128)
	at java.base/java.util.ArrayList.forEach(ArrayList.java:1541)
	at org.testng.TestRunner.privateRun(TestRunner.java:848)
	at org.testng.TestRunner.run(TestRunner.java:621)
	at org.testng.SuiteRunner.runTest(SuiteRunner.java:443)
	at org.testng.SuiteRunner.runSequentially(SuiteRunner.java:437)
	at org.testng.SuiteRunner.privateRun(SuiteRunner.java:397)
	at org.testng.SuiteRunner.run(SuiteRunner.java:336)
	at org.testng.SuiteRunnerWorker.runSuite(SuiteRunnerWorker.java:52)
	at org.testng.SuiteRunnerWorker.run(SuiteRunnerWorker.java:95)
	at org.testng.TestNG.runSuitesSequentially(TestNG.java:1280)
	at org.testng.TestNG.runSuitesLocally(TestNG.java:1200)
	at org.testng.TestNG.runSuites(TestNG.java:1114)
	at org.testng.TestNG.run(TestNG.java:1082)
	at org.apache.maven.surefire.testng.TestNGExecutor.run(TestNGExecutor.java:308)
	at org.apache.maven.surefire.testng.TestNGXmlTestSuite.execute(TestNGXmlTestSuite.java:71)
	at org.apache.maven.surefire.testng.TestNGProvider.invoke(TestNGProvider.java:113)
	at org.apache.maven.surefire.booter.ForkedBooter.runSuitesInProcess(ForkedBooter.java:385)
	at org.apache.maven.surefire.booter.ForkedBooter.execute(ForkedBooter.java:162)
	at org.apache.maven.surefire.booter.ForkedBooter.run(ForkedBooter.java:507)
	at org.apache.maven.surefire.booter.ForkedBooter.main(ForkedBooter.java:495)
Caused by: java.lang.AssertionError: Details of Differences:
Row 1:
   Column 2: List1 = EMP_NAME: Sunil, List2 = EMP_NAME: Smith
 expected [true] but found [false]
	at org.testng.Assert.fail(Assert.java:111)
	at org.testng.Assert.failNotEquals(Assert.java:1578)
	at org.testng.Assert.assertTrue(Assert.java:57)
	at testCases.DataCompletenessValidation.lambda$0(DataCompletenessValidation.java:126)
	at java.base/java.util.concurrent.FutureTask.run(FutureTask.java:264)
	at java.base/java.util.concurrent.ThreadPoolExecutor.runWorker(ThreadPoolExecutor.java:1128)
	at java.base/java.util.concurrent.ThreadPoolExecutor$Worker.run(ThreadPoolExecutor.java:628)
	at java.base/java.lang.Thread.run(Thread.java:834)
ERROR [main] (DataCompletenessValidation.java:141) - $$$$$$$$$$$$$$$$$$$$$$$$$$$$$$$$$$$$$$$$$$$$$$$$$$$$$$$$$$$$$$$$$$$$$$$$    Test Case 17 : Data Completeness Validation for T_EMP_DataCompletenessValidation : FAILED
]]></system-out>
  </testcase>
  <testcase name="dataCompleteness[T_EMP_DuplicateValidation](18)" classname="testCases.DataCompletenessValidation" time="0.006">
    <system-out><![CDATA[ INFO [main] (DataCompletenessValidation.java:42) - #########################################################################    Test Case 18 : Data Completeness Validation for T_EMP_DuplicateValidation : STARTED
 INFO [pool-2-thread-3] (DataCompletenessValidation.java:75) - Reading source SQL query from file
 INFO [pool-2-thread-3] (sqlFunction.java:30) - Query read from file: ./SQLFiles/T_EMP_DuplicateValidation/source/source.sql
 INFO [pool-2-thread-3] (sqlFunction.java:71) - Query executed successfully: select 0 as No_Of_Duplicate_Rows from dual

 INFO [pool-2-thread-3] (DataCompletenessValidation.java:96) - Reading target SQL query from file
 INFO [pool-2-thread-3] (sqlFunction.java:30) - Query read from file: ./SQLFiles/T_EMP_DuplicateValidation/target/target.sql
 INFO [pool-2-thread-3] (sqlFunction.java:71) - Query executed successfully: select dup.No_Of_Duplicate_Rows from(
select 
EMP_ID,
EMP_NAME,
DEPT_NAME,
MANAGER_NAME,
JOB_TYPE,
LOCATION,
HIRE_DATE,
TOTAL_EXP_IN_COMPANY,
SALARY,
COMMISSION,
TOTAL_SALARY,
SALARY_GRADE,
COUNT(*) as No_Of_Duplicate_Rows
from T_EMP
group by
EMP_ID,
EMP_NAME,
DEPT_NAME,
MANAGER_NAME,
JOB_TYPE,
LOCATION,
HIRE_DATE,
TOTAL_EXP_IN_COMPANY,
SALARY,
COMMISSION,
TOTAL_SALARY,
SALARY_GRADE
having COUNT(*) >1) dup

 INFO [pool-2-thread-3] (DataCompletenessValidation.java:104) - Finding differing rows
 INFO [pool-2-thread-3] (DataCompletenessValidation.java:111) - Asserting that the lists are equal
 INFO [pool-2-thread-3] (DataCompletenessValidation.java:112) - #########################################################################    Test Case 18 : Data Completeness Validation for T_EMP_DuplicateValidation : PASSED
]]></system-out>
  </testcase>
  <testcase name="dataCompleteness[T_EMP_PrimaryKey_Validation](19)" classname="testCases.DataCompletenessValidation" time="0.004">
    <system-out><![CDATA[ INFO [main] (DataCompletenessValidation.java:42) - #########################################################################    Test Case 19 : Data Completeness Validation for T_EMP_PrimaryKey_Validation : STARTED
 INFO [pool-2-thread-4] (DataCompletenessValidation.java:75) - Reading source SQL query from file
 INFO [pool-2-thread-4] (sqlFunction.java:30) - Query read from file: ./SQLFiles/T_EMP_PrimaryKey_Validation/source/source.sql
 INFO [pool-2-thread-4] (sqlFunction.java:71) - Query executed successfully: select 0 as Null_and_Duplicates from dual

 INFO [pool-2-thread-4] (DataCompletenessValidation.java:96) - Reading target SQL query from file
 INFO [pool-2-thread-4] (sqlFunction.java:30) - Query read from file: ./SQLFiles/T_EMP_PrimaryKey_Validation/target/target.sql
 INFO [pool-2-thread-4] (sqlFunction.java:71) - Query executed successfully: select count(*) as Null_and_Duplicates from T_emp where EMP_ID is null
union
select e.cnt from(
select emp_id, count(*) cnt from t_emp group by emp_id having cnt>1)e

 INFO [pool-2-thread-4] (DataCompletenessValidation.java:104) - Finding differing rows
 INFO [pool-2-thread-4] (DataCompletenessValidation.java:111) - Asserting that the lists are equal
 INFO [pool-2-thread-4] (DataCompletenessValidation.java:112) - #########################################################################    Test Case 19 : Data Completeness Validation for T_EMP_PrimaryKey_Validation : PASSED
]]></system-out>
  </testcase>
  <testcase name="dataCompleteness[T_EMP_SurrogateKey_Validation](20)" classname="testCases.DataCompletenessValidation" time="0.005">
    <system-out><![CDATA[ INFO [main] (DataCompletenessValidation.java:42) - #########################################################################    Test Case 20 : Data Completeness Validation for T_EMP_SurrogateKey_Validation : STARTED
 INFO [pool-2-thread-5] (DataCompletenessValidation.java:75) - Reading source SQL query from file
 INFO [pool-2-thread-5] (sqlFunction.java:30) - Query read from file: ./SQLFiles/T_EMP_SurrogateKey_Validation/source/source.sql
 INFO [pool-2-thread-5] (sqlFunction.java:71) - Query executed successfully: select 0 as Null_and_Duplicates from dual

 INFO [pool-2-thread-5] (DataCompletenessValidation.java:96) - Reading target SQL query from file
 INFO [pool-2-thread-5] (sqlFunction.java:30) - Query read from file: ./SQLFiles/T_EMP_SurrogateKey_Validation/target/target.sql
 INFO [pool-2-thread-5] (sqlFunction.java:71) - Query executed successfully: select count(*) as Null_and_Duplicates from T_emp where T_EMP_ID is null
union
select e.cnt from(
select t_emp_id, count(*) cnt from t_emp group by t_emp_id having cnt>1)e

 INFO [pool-2-thread-5] (DataCompletenessValidation.java:104) - Finding differing rows
 INFO [pool-2-thread-5] (DataCompletenessValidation.java:111) - Asserting that the lists are equal
 INFO [pool-2-thread-5] (DataCompletenessValidation.java:112) - #########################################################################    Test Case 20 : Data Completeness Validation for T_EMP_SurrogateKey_Validation : PASSED
]]></system-out>
  </testcase>
  <testcase name="tableMetadataValidation[T_EMP](1)" classname="testCases.TableMetadataValidation" time="0.014">
    <failure message="Test failed: [{COLUMN_NAME=EMP_ID345, TARGET_COLUMN_NAME=EMP_ID}, {COLUMN_NAME=T_EMP_ID1212, TARGET_COLUMN_NAME=T_EMP_ID}] expected [true] but found [false]" type="java.lang.AssertionError"><![CDATA[java.lang.AssertionError: Test failed: [{COLUMN_NAME=EMP_ID345, TARGET_COLUMN_NAME=EMP_ID}, {COLUMN_NAME=T_EMP_ID1212, TARGET_COLUMN_NAME=T_EMP_ID}] expected [true] but found [false]
	at testCases.TableMetadataValidation.tableMetadataValidation(TableMetadataValidation.java:62)
	at java.base/jdk.internal.reflect.NativeMethodAccessorImpl.invoke0(Native Method)
	at java.base/jdk.internal.reflect.NativeMethodAccessorImpl.invoke(NativeMethodAccessorImpl.java:62)
	at java.base/jdk.internal.reflect.DelegatingMethodAccessorImpl.invoke(DelegatingMethodAccessorImpl.java:43)
	at java.base/java.lang.reflect.Method.invoke(Method.java:566)
	at org.testng.internal.invokers.MethodInvocationHelper.invokeMethod(MethodInvocationHelper.java:139)
	at org.testng.internal.invokers.TestInvoker.invokeMethod(TestInvoker.java:664)
	at org.testng.internal.invokers.TestInvoker.invokeTestMethod(TestInvoker.java:227)
	at org.testng.internal.invokers.MethodRunner.runInSequence(MethodRunner.java:50)
	at org.testng.internal.invokers.TestInvoker$MethodInvocationAgent.invoke(TestInvoker.java:957)
	at org.testng.internal.invokers.TestInvoker.invokeTestMethods(TestInvoker.java:200)
	at org.testng.internal.invokers.TestMethodWorker.invokeTestMethods(TestMethodWorker.java:148)
	at org.testng.internal.invokers.TestMethodWorker.run(TestMethodWorker.java:128)
	at java.base/java.util.ArrayList.forEach(ArrayList.java:1541)
	at org.testng.TestRunner.privateRun(TestRunner.java:848)
	at org.testng.TestRunner.run(TestRunner.java:621)
	at org.testng.SuiteRunner.runTest(SuiteRunner.java:443)
	at org.testng.SuiteRunner.runSequentially(SuiteRunner.java:437)
	at org.testng.SuiteRunner.privateRun(SuiteRunner.java:397)
	at org.testng.SuiteRunner.run(SuiteRunner.java:336)
	at org.testng.SuiteRunnerWorker.runSuite(SuiteRunnerWorker.java:52)
	at org.testng.SuiteRunnerWorker.run(SuiteRunnerWorker.java:95)
	at org.testng.TestNG.runSuitesSequentially(TestNG.java:1280)
	at org.testng.TestNG.runSuitesLocally(TestNG.java:1200)
	at org.testng.TestNG.runSuites(TestNG.java:1114)
	at org.testng.TestNG.run(TestNG.java:1082)
	at org.apache.maven.surefire.testng.TestNGExecutor.run(TestNGExecutor.java:308)
	at org.apache.maven.surefire.testng.TestNGXmlTestSuite.execute(TestNGXmlTestSuite.java:71)
	at org.apache.maven.surefire.testng.TestNGProvider.invoke(TestNGProvider.java:113)
	at org.apache.maven.surefire.booter.ForkedBooter.runSuitesInProcess(ForkedBooter.java:385)
	at org.apache.maven.surefire.booter.ForkedBooter.execute(ForkedBooter.java:162)
	at org.apache.maven.surefire.booter.ForkedBooter.run(ForkedBooter.java:507)
	at org.apache.maven.surefire.booter.ForkedBooter.main(ForkedBooter.java:495)
Caused by: java.lang.AssertionError: [{COLUMN_NAME=EMP_ID345, TARGET_COLUMN_NAME=EMP_ID}, {COLUMN_NAME=T_EMP_ID1212, TARGET_COLUMN_NAME=T_EMP_ID}] expected [true] but found [false]
	at org.testng.Assert.fail(Assert.java:111)
	at org.testng.Assert.failNotEquals(Assert.java:1578)
	at org.testng.Assert.assertTrue(Assert.java:57)
	at testCases.TableMetadataValidation.tableMetadataValidation(TableMetadataValidation.java:58)
	... 32 more
]]></failure>
    <system-out><![CDATA[ INFO [main] (TestBase.java:223) - Teardown started..............
 INFO [main] (DatabaseConn.java:18) - Database Connection Closed
 INFO [main] (TestBase.java:234) - Source database connection closed successfully.
 INFO [main] (DatabaseConn.java:18) - Database Connection Closed
 INFO [main] (TestBase.java:238) - Target database connection closed successfully.
 INFO [main] (TestBase.java:243) - Thread pool shut down successfully.
 INFO [main] (TestBase.java:244) - ****************************************************    Teardown Completed     ********************************************
 INFO [main] (TestBase.java:124) - BeforeClass setUp() execution started............
 INFO [main] (Log4jConfigurator.java:16) - Log4j configuration loaded successfully.
 INFO [main] (TestBase.java:127) - Log4j configured successfully.
 INFO [main] (TestBase.java:133) - Properties file loaded successfully.
 INFO [main] (TestBase.java:139) - Thread Pool created
 INFO [main] (TestBase.java:165) - Target Database selected : mysql
 INFO [main] (TestBase.java:168) - Auto Generated Metadata option selected as : yes
 INFO [main] (MetadataExcelGenerator.java:22) - Starting metadata Excel generation...
 INFO [main] (MetadataExcelGenerator.java:29) - Existing Metadata Excel deleted: ./TableMetadata/metadata_excel.xlsx
 INFO [main] (MetadataExcelGenerator.java:112) - Metadata Excel auto-generated successfully at: ./TableMetadata/metadata_excel.xlsx
 INFO [main] (TestBase.java:172) - Metadata Excel Generation Completed....
 INFO [main] (DatabaseConn.java:29) - Database is Connected
 INFO [main] (TestBase.java:185) - Target database connection established successfully.
 INFO [main] (TestBase.java:191) - ********************************    Target Set up completed     *********************************
 INFO [main] (TestBase.java:193) - Source Database selected : oracle
 INFO [main] (DatabaseConn.java:29) - Database is Connected
 INFO [main] (TestBase.java:200) - Source database connection established successfully.
 INFO [main] (TestBase.java:217) - ********************************    Source Set up completed    *********************************
 INFO [main] (TableMetadataValidation.java:92) - Workbook loaded successfully.
 INFO [main] (TableMetadataValidation.java:33) - #########################################################################    Test Case 21 Table Metadata Validation for T_EMP : STARTED
 INFO [main] (TableMetadataValidation.java:35) - Processing Table: T_EMP
 INFO [main] (TableMetadataValidation.java:190) - Sorted Metadata from Mapping Sheet:[{COLUMN_NAME=COMMISSION, DATA_TYPE=int}, {COLUMN_NAME=DEPT_NAME, DATA_TYPE=varchar(20)}, {COLUMN_NAME=EMP_ID345, DATA_TYPE=int}, {COLUMN_NAME=EMP_NAME, DATA_TYPE=varchar(50)}, {COLUMN_NAME=HIRE_DATE, DATA_TYPE=date}, {COLUMN_NAME=JOB_TYPE, DATA_TYPE=varchar(20)}, {COLUMN_NAME=LOCATION, DATA_TYPE=varchar(30)}, {COLUMN_NAME=MANAGER_NAME, DATA_TYPE=varchar(50)}, {COLUMN_NAME=SALARY, DATA_TYPE=int}, {COLUMN_NAME=SALARY_GRADE, DATA_TYPE=varchar(10)}, {COLUMN_NAME=T_EMP_ID1212, DATA_TYPE=int}, {COLUMN_NAME=TOTAL_EXP_IN_COMPANY, DATA_TYPE=int}, {COLUMN_NAME=TOTAL_SALARY, DATA_TYPE=int}]
 INFO [main] (MySqlMetadataRetrieval.java:35) - Metadata retrieval from MySQL table completed for table: T_EMP
 INFO [main] (MySqlMetadataRetrieval.java:45) - Metadata from MySQL Table:[{COLUMN_NAME=COMMISSION, DATA_TYPE=int}, {COLUMN_NAME=DEPT_NAME, DATA_TYPE=varchar(20)}, {COLUMN_NAME=EMP_ID, DATA_TYPE=int}, {COLUMN_NAME=EMP_NAME, DATA_TYPE=varchar(50)}, {COLUMN_NAME=HIRE_DATE, DATA_TYPE=date}, {COLUMN_NAME=JOB_TYPE, DATA_TYPE=varchar(20)}, {COLUMN_NAME=LOCATION, DATA_TYPE=varchar(30)}, {COLUMN_NAME=MANAGER_NAME, DATA_TYPE=varchar(50)}, {COLUMN_NAME=SALARY, DATA_TYPE=int}, {COLUMN_NAME=SALARY_GRADE, DATA_TYPE=varchar(10)}, {COLUMN_NAME=T_EMP_ID, DATA_TYPE=int}, {COLUMN_NAME=TOTAL_EXP_IN_COMPANY, DATA_TYPE=int}, {COLUMN_NAME=TOTAL_SALARY, DATA_TYPE=int}]
 INFO [main] (TableMetadataValidation.java:206) - Metadata Mismatch for Table: T_EMP
 INFO [main] (TableMetadataValidation.java:207) - Source Column: {COLUMN_NAME=EMP_ID345, DATA_TYPE=int}
 INFO [main] (TableMetadataValidation.java:208) - Target Column: {COLUMN_NAME=EMP_ID, DATA_TYPE=int}
ERROR [main] (TableMetadataValidation.java:53) - $$$$$$$$$$$$$$$$$$$$$$$$$$$$$$$$$$$$$$$$$$$$$$$$$$$$$$$$$$$$$$$$$$$$$$$$    Test Case 21 : Table Metadata Validation for T_EMP : FAILED
ERROR [main] (TableMetadataValidation.java:61) - Test failed: [{COLUMN_NAME=EMP_ID345, TARGET_COLUMN_NAME=EMP_ID}, {COLUMN_NAME=T_EMP_ID1212, TARGET_COLUMN_NAME=T_EMP_ID}] expected [true] but found [false]
java.lang.AssertionError: [{COLUMN_NAME=EMP_ID345, TARGET_COLUMN_NAME=EMP_ID}, {COLUMN_NAME=T_EMP_ID1212, TARGET_COLUMN_NAME=T_EMP_ID}] expected [true] but found [false]
	at org.testng.Assert.fail(Assert.java:111)
	at org.testng.Assert.failNotEquals(Assert.java:1578)
	at org.testng.Assert.assertTrue(Assert.java:57)
	at testCases.TableMetadataValidation.tableMetadataValidation(TableMetadataValidation.java:58)
	at java.base/jdk.internal.reflect.NativeMethodAccessorImpl.invoke0(Native Method)
	at java.base/jdk.internal.reflect.NativeMethodAccessorImpl.invoke(NativeMethodAccessorImpl.java:62)
	at java.base/jdk.internal.reflect.DelegatingMethodAccessorImpl.invoke(DelegatingMethodAccessorImpl.java:43)
	at java.base/java.lang.reflect.Method.invoke(Method.java:566)
	at org.testng.internal.invokers.MethodInvocationHelper.invokeMethod(MethodInvocationHelper.java:139)
	at org.testng.internal.invokers.TestInvoker.invokeMethod(TestInvoker.java:664)
	at org.testng.internal.invokers.TestInvoker.invokeTestMethod(TestInvoker.java:227)
	at org.testng.internal.invokers.MethodRunner.runInSequence(MethodRunner.java:50)
	at org.testng.internal.invokers.TestInvoker$MethodInvocationAgent.invoke(TestInvoker.java:957)
	at org.testng.internal.invokers.TestInvoker.invokeTestMethods(TestInvoker.java:200)
	at org.testng.internal.invokers.TestMethodWorker.invokeTestMethods(TestMethodWorker.java:148)
	at org.testng.internal.invokers.TestMethodWorker.run(TestMethodWorker.java:128)
	at java.base/java.util.ArrayList.forEach(ArrayList.java:1541)
	at org.testng.TestRunner.privateRun(TestRunner.java:848)
	at org.testng.TestRunner.run(TestRunner.java:621)
	at org.testng.SuiteRunner.runTest(SuiteRunner.java:443)
	at org.testng.SuiteRunner.runSequentially(SuiteRunner.java:437)
	at org.testng.SuiteRunner.privateRun(SuiteRunner.java:397)
	at org.testng.SuiteRunner.run(SuiteRunner.java:336)
	at org.testng.SuiteRunnerWorker.runSuite(SuiteRunnerWorker.java:52)
	at org.testng.SuiteRunnerWorker.run(SuiteRunnerWorker.java:95)
	at org.testng.TestNG.runSuitesSequentially(TestNG.java:1280)
	at org.testng.TestNG.runSuitesLocally(TestNG.java:1200)
	at org.testng.TestNG.runSuites(TestNG.java:1114)
	at org.testng.TestNG.run(TestNG.java:1082)
	at org.apache.maven.surefire.testng.TestNGExecutor.run(TestNGExecutor.java:308)
	at org.apache.maven.surefire.testng.TestNGXmlTestSuite.execute(TestNGXmlTestSuite.java:71)
	at org.apache.maven.surefire.testng.TestNGProvider.invoke(TestNGProvider.java:113)
	at org.apache.maven.surefire.booter.ForkedBooter.runSuitesInProcess(ForkedBooter.java:385)
	at org.apache.maven.surefire.booter.ForkedBooter.execute(ForkedBooter.java:162)
	at org.apache.maven.surefire.booter.ForkedBooter.run(ForkedBooter.java:507)
	at org.apache.maven.surefire.booter.ForkedBooter.main(ForkedBooter.java:495)
]]></system-out>
  </testcase>
  <testcase name="tableMetadataValidation[T_DEPT](2)" classname="testCases.TableMetadataValidation" time="0.005">
    <system-out><![CDATA[ INFO [main] (TableMetadataValidation.java:33) - #########################################################################    Test Case 22 Table Metadata Validation for T_DEPT : STARTED
 INFO [main] (TableMetadataValidation.java:35) - Processing Table: T_DEPT
 INFO [main] (TableMetadataValidation.java:190) - Sorted Metadata from Mapping Sheet:[{COLUMN_NAME=DEPTNO, DATA_TYPE=int}, {COLUMN_NAME=DNAME, DATA_TYPE=varchar(14)}, {COLUMN_NAME=LOC, DATA_TYPE=varchar(13)}, {COLUMN_NAME=T_DEPT_ID, DATA_TYPE=int}]
 INFO [main] (MySqlMetadataRetrieval.java:35) - Metadata retrieval from MySQL table completed for table: T_DEPT
 INFO [main] (MySqlMetadataRetrieval.java:45) - Metadata from MySQL Table:[{COLUMN_NAME=DEPTNO, DATA_TYPE=int}, {COLUMN_NAME=DNAME, DATA_TYPE=varchar(14)}, {COLUMN_NAME=LOC, DATA_TYPE=varchar(13)}, {COLUMN_NAME=T_DEPT_ID, DATA_TYPE=int}]
 INFO [main] (TableMetadataValidation.java:46) - Metadata Match for Table: T_DEPT
 INFO [main] (TableMetadataValidation.java:47) - #########################################################################    Test Case 22 Table Metadata Validation for T_DEPT : PASSED
]]></system-out>
  </testcase>
</testsuite>