<?xml version="1.0" encoding="UTF-8"?>
<testng-results ignored="0" total="9" passed="9" failed="0" skipped="0">
  <reporter-output>
  </reporter-output>
  <suite started-at="2023-12-14T22:28:56 IST" name="Suite" finished-at="2023-12-14T22:29:06 IST" duration-ms="10626">
    <groups>
    </groups>
    <test started-at="2023-12-14T22:28:56 IST" name="Test" finished-at="2023-12-14T22:29:06 IST" duration-ms="10626">
      <class name="testCases.TableMetadataValidation">
        <test-method is-config="true" signature="setUp()[pri:0, instance:testCases.TableMetadataValidation@5149d738]" started-at="2023-12-14T22:29:06 IST" name="setUp" finished-at="2023-12-14T22:29:06 IST" duration-ms="231" status="PASS">
          <reporter-output>
          </reporter-output>
        </test-method> <!-- setUp -->
        <test-method signature="tableMetadataValidation(java.lang.String)[pri:0, instance:testCases.TableMetadataValidation@5149d738]" started-at="2023-12-14T22:29:06 IST" name="tableMetadataValidation" data-provider="tableSheetDataProvider" finished-at="2023-12-14T22:29:06 IST" duration-ms="11" status="PASS">
          <params>
            <param index="0">
              <value>
                <![CDATA[T_EMP]]>
              </value>
            </param>
          </params>
          <reporter-output>
          </reporter-output>
        </test-method> <!-- tableMetadataValidation -->
        <test-method signature="tableMetadataValidation(java.lang.String)[pri:0, instance:testCases.TableMetadataValidation@5149d738]" started-at="2023-12-14T22:29:06 IST" name="tableMetadataValidation" data-provider="tableSheetDataProvider" finished-at="2023-12-14T22:29:06 IST" duration-ms="3" status="PASS">
          <params>
            <param index="0">
              <value>
                <![CDATA[T_DEPT]]>
              </value>
            </param>
          </params>
          <reporter-output>
          </reporter-output>
        </test-method> <!-- tableMetadataValidation -->
        <test-method is-config="true" signature="tearDown()[pri:0, instance:testCases.TableMetadataValidation@5149d738]" started-at="2023-12-14T22:29:06 IST" name="tearDown" finished-at="2023-12-14T22:29:06 IST" duration-ms="19" status="PASS">
          <reporter-output>
          </reporter-output>
        </test-method> <!-- tearDown -->
      </class> <!-- testCases.TableMetadataValidation -->
      <class name="testCases.DataCompletenessValidation">
        <test-method is-config="true" signature="setUp()[pri:0, instance:testCases.DataCompletenessValidation@75d3a5e0]" started-at="2023-12-14T22:28:56 IST" name="setUp" finished-at="2023-12-14T22:28:57 IST" duration-ms="1581" status="PASS">
          <reporter-output>
          </reporter-output>
        </test-method> <!-- setUp -->
        <test-method signature="dataCompleteness(java.lang.String)[pri:0, instance:testCases.DataCompletenessValidation@75d3a5e0]" started-at="2023-12-14T22:28:57 IST" name="dataCompleteness" data-provider="getFolderPath" finished-at="2023-12-14T22:29:02 IST" duration-ms="4177" status="PASS">
          <params>
            <param index="0">
              <value>
                <![CDATA[ITEMS_10L_Record_Validation]]>
              </value>
            </param>
          </params>
          <reporter-output>
          </reporter-output>
        </test-method> <!-- dataCompleteness -->
        <test-method signature="dataCompleteness(java.lang.String)[pri:0, instance:testCases.DataCompletenessValidation@75d3a5e0]" started-at="2023-12-14T22:29:02 IST" name="dataCompleteness" data-provider="getFolderPath" finished-at="2023-12-14T22:29:02 IST" duration-ms="150" status="PASS">
          <params>
            <param index="0">
              <value>
                <![CDATA[ITEMS_CountValidation]]>
              </value>
            </param>
          </params>
          <reporter-output>
          </reporter-output>
        </test-method> <!-- dataCompleteness -->
        <test-method signature="dataCompleteness(java.lang.String)[pri:0, instance:testCases.DataCompletenessValidation@75d3a5e0]" started-at="2023-12-14T22:29:02 IST" name="dataCompleteness" data-provider="getFolderPath" finished-at="2023-12-14T22:29:06 IST" duration-ms="4040" status="PASS">
          <params>
            <param index="0">
              <value>
                <![CDATA[STUDENT_5L_Record_Validation]]>
              </value>
            </param>
          </params>
          <reporter-output>
          </reporter-output>
        </test-method> <!-- dataCompleteness -->
        <test-method signature="dataCompleteness(java.lang.String)[pri:0, instance:testCases.DataCompletenessValidation@75d3a5e0]" started-at="2023-12-14T22:29:06 IST" name="dataCompleteness" data-provider="getFolderPath" finished-at="2023-12-14T22:29:06 IST" duration-ms="88" status="PASS">
          <params>
            <param index="0">
              <value>
                <![CDATA[STUDENT_CountValidation]]>
              </value>
            </param>
          </params>
          <reporter-output>
          </reporter-output>
        </test-method> <!-- dataCompleteness -->
        <test-method signature="dataCompleteness(java.lang.String)[pri:0, instance:testCases.DataCompletenessValidation@75d3a5e0]" started-at="2023-12-14T22:29:06 IST" name="dataCompleteness" data-provider="getFolderPath" finished-at="2023-12-14T22:29:06 IST" duration-ms="31" status="PASS">
          <params>
            <param index="0">
              <value>
                <![CDATA[STUDENT_SMALL_db_to_file_validation]]>
              </value>
            </param>
          </params>
          <reporter-output>
          </reporter-output>
        </test-method> <!-- dataCompleteness -->
        <test-method signature="dataCompleteness(java.lang.String)[pri:0, instance:testCases.DataCompletenessValidation@75d3a5e0]" started-at="2023-12-14T22:29:06 IST" name="dataCompleteness" data-provider="getFolderPath" finished-at="2023-12-14T22:29:06 IST" duration-ms="7" status="PASS">
          <params>
            <param index="0">
              <value>
                <![CDATA[STUDENT_SMALL_file_to_db_validation]]>
              </value>
            </param>
          </params>
          <reporter-output>
          </reporter-output>
        </test-method> <!-- dataCompleteness -->
        <test-method signature="dataCompleteness(java.lang.String)[pri:0, instance:testCases.DataCompletenessValidation@75d3a5e0]" started-at="2023-12-14T22:29:06 IST" name="dataCompleteness" data-provider="getFolderPath" finished-at="2023-12-14T22:29:06 IST" duration-ms="5" status="PASS">
          <params>
            <param index="0">
              <value>
                <![CDATA[STUDENT_SMALL_file_to_file_validation]]>
              </value>
            </param>
          </params>
          <reporter-output>
          </reporter-output>
        </test-method> <!-- dataCompleteness -->
        <test-method is-config="true" signature="tearDown()[pri:0, instance:testCases.DataCompletenessValidation@75d3a5e0]" started-at="2023-12-14T22:29:06 IST" name="tearDown" finished-at="2023-12-14T22:29:06 IST" duration-ms="9" status="PASS">
          <reporter-output>
          </reporter-output>
        </test-method> <!-- tearDown -->
      </class> <!-- testCases.DataCompletenessValidation -->
    </test> <!-- Test -->
  </suite> <!-- Suite -->
</testng-results>
