<?xml version="1.0" encoding="UTF-8"?>
<!-- Generated by org.testng.reporters.JUnitXMLReporter -->
<testsuite ignored="0" hostname="LAPTOP-2A2K6UEC" failures="0" tests="3" name="Test" time="3.374" errors="0" timestamp="2023-10-16T22:33:47 IST">
  <testcase classname="etl.QueryComparisonTestNG" name="testListsEquality" time="2.8"/>
  <testcase classname="etl.QueryComparisonTestNG" name="testListsEquality" time="0.203"/>
  <testcase classname="etl.QueryComparisonTestNG" name="testListsEquality" time="0.184"/>
</testsuite> <!-- Test -->
