<?xml version="1.0" encoding="UTF-8"?>
<!-- Generated by org.testng.reporters.JUnitXMLReporter -->
<testsuite ignored="0" hostname="LAPTOP-2A2K6UEC" failures="1" tests="5" name="Test" time="1.535" errors="0" timestamp="2023-11-01T13:55:26 IST">
  <testcase classname="testCases.TableMetadataComparator" name="testMetadataComparison" time="0.227">
    <failure type="java.lang.AssertionError" message="Mismatch in column: HIREDATE
Source: ColumnMetadata{columnName=&amp;apos;HIREDATE&amp;apos;, dataType=&amp;apos;DATE2&amp;apos;, dataLength=0}
Target: ColumnMetadata{columnName=&amp;apos;HIREDATE&amp;apos;, dataType=&amp;apos;DATE&amp;apos;, dataLength=7}">
      <![CDATA[java.lang.AssertionError: Mismatch in column: HIREDATE
Source: ColumnMetadata{columnName='HIREDATE', dataType='DATE2', dataLength=0}
Target: ColumnMetadata{columnName='HIREDATE', dataType='DATE', dataLength=7}
at testCases.TableMetadataComparator.isEqual(TableMetadataComparator.java:225)
at testCases.TableMetadataComparator.compareMetadata(TableMetadataComparator.java:206)
at testCases.TableMetadataComparator.testMetadataComparison(TableMetadataComparator.java:62)
at java.base/java.util.ArrayList.forEach(ArrayList.java:1541)
... Removed 28 stack frames]]>
    </failure>
  </testcase> <!-- testMetadataComparison -->
  <testcase classname="testCases.DataCompletenessValidation" name="testListsEquality" time="0.011"/>
  <testcase classname="testCases.DataCompletenessValidation" name="testListsEquality" time="0.003"/>
  <testcase classname="testCases.DataCompletenessValidation" name="testListsEquality" time="0.006"/>
  <testcase classname="testCases.DataCompletenessValidation" name="testListsEquality" time="0.005"/>
</testsuite> <!-- Test -->
