<?xml version="1.0" encoding="UTF-8"?>
<!-- Generated by org.testng.reporters.JUnitXMLReporter -->
<testsuite ignored="0" hostname="LAPTOP-2A2K6UEC" failures="1" tests="3" name="Test" time="0.772" errors="0" timestamp="2023-10-16T19:42:09 IST">
  <testcase classname="etl.QueryComparisonTestNG" name="testListsEquality" time="0.598">
    <failure type="java.lang.AssertionError" message="Details of Differences:
Row 1:
   Column 1: List1 = COUNT(*): 5, List2 = COUNT(*): 100000
 expected [true] but found [false]">
      <![CDATA[java.lang.AssertionError: Details of Differences:
Row 1:
   Column 1: List1 = COUNT(*): 5, List2 = COUNT(*): 100000
 expected [true] but found [false]
at etl.QueryComparisonTestNG.testListsEquality(QueryComparisonTestNG.java:86)
at java.base/java.util.ArrayList.forEach(ArrayList.java:1541)
... Removed 30 stack frames]]>
    </failure>
  </testcase> <!-- testListsEquality -->
  <testcase classname="etl.QueryComparisonTestNG" name="testListsEquality" time="0.074"/>
  <testcase classname="etl.QueryComparisonTestNG" name="testListsEquality" time="0.061"/>
</testsuite> <!-- Test -->
