<?xml version="1.0" encoding="UTF-8"?>
<!-- Generated by org.testng.reporters.JUnitXMLReporter -->
<testsuite ignored="0" hostname="LAPTOP-2A2K6UEC" failures="0" tests="4" name="Default test" time="0.719" errors="0" timestamp="2023-10-20T23:04:37 IST">
  <testcase classname="testCases.QueryComparisonTestNG" name="testListsEquality" time="0.134"/>
  <testcase classname="testCases.QueryComparisonTestNG" name="testListsEquality" time="0.005"/>
  <testcase classname="testCases.QueryComparisonTestNG" name="testListsEquality" time="0.071"/>
  <testcase classname="testCases.QueryComparisonTestNG" name="testListsEquality" time="0.004"/>
</testsuite> <!-- Default test -->
