<?xml version="1.0" encoding="UTF-8"?>
<!-- Generated by org.testng.reporters.JUnitXMLReporter -->
<testsuite ignored="0" hostname="LAPTOP-2A2K6UEC" failures="0" tests="4" name="Default test" time="0.702" errors="0" timestamp="2023-11-01T10:46:46 IST">
  <testcase classname="testCases.QueryComparisonTestNG" name="testListsEquality" time="0.124"/>
  <testcase classname="testCases.QueryComparisonTestNG" name="testListsEquality" time="0.004"/>
  <testcase classname="testCases.QueryComparisonTestNG" name="testListsEquality" time="0.074"/>
  <testcase classname="testCases.QueryComparisonTestNG" name="testListsEquality" time="0.004"/>
</testsuite> <!-- Default test -->
