<?xml version="1.0" encoding="UTF-8"?>
<testng-results ignored="0" total="4" passed="4" failed="0" skipped="0">
  <reporter-output>
  </reporter-output>
  <suite started-at="2023-10-26T21:40:52 IST" name="Suite" finished-at="2023-10-26T21:40:53 IST" duration-ms="906">
    <groups>
    </groups>
    <test started-at="2023-10-26T21:40:52 IST" name="Test" finished-at="2023-10-26T21:40:53 IST" duration-ms="906">
      <class name="testCases.QueryComparisonTestNG">
        <test-method is-config="true" signature="setup()[pri:0, instance:testCases.QueryComparisonTestNG@73700b80]" started-at="2023-10-26T21:40:52 IST" name="setup" finished-at="2023-10-26T21:40:53 IST" duration-ms="571" status="PASS">
          <reporter-output>
          </reporter-output>
        </test-method> <!-- setup -->
        <test-method signature="testListsEquality(java.lang.String)[pri:0, instance:testCases.QueryComparisonTestNG@73700b80]" started-at="2023-10-26T21:40:53 IST" name="testListsEquality" data-provider="getFolderPath" finished-at="2023-10-26T21:40:53 IST" duration-ms="186" status="PASS">
          <params>
            <param index="0">
              <value>
                <![CDATA[Validate_Count]]>
              </value>
            </param>
          </params>
          <reporter-output>
          </reporter-output>
        </test-method> <!-- testListsEquality -->
        <test-method signature="testListsEquality(java.lang.String)[pri:0, instance:testCases.QueryComparisonTestNG@73700b80]" started-at="2023-10-26T21:40:53 IST" name="testListsEquality" data-provider="getFolderPath" finished-at="2023-10-26T21:40:53 IST" duration-ms="6" status="PASS">
          <params>
            <param index="0">
              <value>
                <![CDATA[Validate_Data]]>
              </value>
            </param>
          </params>
          <reporter-output>
          </reporter-output>
        </test-method> <!-- testListsEquality -->
        <test-method signature="testListsEquality(java.lang.String)[pri:0, instance:testCases.QueryComparisonTestNG@73700b80]" started-at="2023-10-26T21:40:53 IST" name="testListsEquality" data-provider="getFolderPath" finished-at="2023-10-26T21:40:53 IST" duration-ms="97" status="PASS">
          <params>
            <param index="0">
              <value>
                <![CDATA[Validate_Duplicate]]>
              </value>
            </param>
          </params>
          <reporter-output>
          </reporter-output>
        </test-method> <!-- testListsEquality -->
        <test-method signature="testListsEquality(java.lang.String)[pri:0, instance:testCases.QueryComparisonTestNG@73700b80]" started-at="2023-10-26T21:40:53 IST" name="testListsEquality" data-provider="getFolderPath" finished-at="2023-10-26T21:40:53 IST" duration-ms="5" status="PASS">
          <params>
            <param index="0">
              <value>
                <![CDATA[Validate_Metadata]]>
              </value>
            </param>
          </params>
          <reporter-output>
          </reporter-output>
        </test-method> <!-- testListsEquality -->
        <test-method is-config="true" signature="close()[pri:0, instance:testCases.QueryComparisonTestNG@73700b80]" started-at="2023-10-26T21:40:53 IST" name="close" finished-at="2023-10-26T21:40:53 IST" duration-ms="2" status="PASS">
          <reporter-output>
          </reporter-output>
        </test-method> <!-- close -->
      </class> <!-- testCases.QueryComparisonTestNG -->
    </test> <!-- Test -->
  </suite> <!-- Suite -->
</testng-results>
